<?xml version="1.0" encoding="UTF-8"?>
<testng-results ignored="0" total="1" passed="1" failed="0" skipped="0">
  <reporter-output>
  </reporter-output>
  <suite started-at="2022-12-07T16:54:45 IST" name="Default suite" finished-at="2022-12-07T16:57:03 IST" duration-ms="138324">
    <groups>
    </groups>
    <test started-at="2022-12-07T16:54:45 IST" name="Default test" finished-at="2022-12-07T16:57:03 IST" duration-ms="138324">
      <class name="taskScenario.compareSite">
        <test-method is-config="true" signature="launchBrowser()[pri:0, instance:taskScenario.compareSite@4803b726]" started-at="2022-12-07T16:54:45 IST" name="launchBrowser" finished-at="2022-12-07T16:54:49 IST" duration-ms="4070" status="PASS">
          <reporter-output>
          </reporter-output>
        </test-method> <!-- launchBrowser -->
        <test-method signature="amazon()[pri:0, instance:taskScenario.compareSite@4803b726]" started-at="2022-12-07T16:54:49 IST" name="amazon" finished-at="2022-12-07T16:57:02 IST" duration-ms="133740" status="PASS">
          <reporter-output>
          </reporter-output>
        </test-method> <!-- amazon -->
        <test-method is-config="true" signature="quitBrower()[pri:0, instance:taskScenario.compareSite@4803b726]" started-at="2022-12-07T16:57:02 IST" name="quitBrower" finished-at="2022-12-07T16:57:03 IST" duration-ms="438" status="PASS">
          <reporter-output>
          </reporter-output>
        </test-method> <!-- quitBrower -->
      </class> <!-- taskScenario.compareSite -->
    </test> <!-- Default test -->
  </suite> <!-- Default suite -->
</testng-results>
